Watching for file changes with StatReloader
Watching for file changes with StatReloader
C:\Users\erikw\OneDrive\Documents\Projects\Work\Github\New folder\MaintDashboard\core\middleware.py changed, reloading.
Watching for file changes with StatReloader
Watching for file changes with StatReloader
Watching for file changes with StatReloader
Not Found: /favicon.ico
Not Found: /health/
Database error in maintenance_list: column maintenance_maintenanceactivitytype.category_id does not exist
LINE 1: ...d", "maintenance_maintenanceactivitytype"."name", "maintenan...
                                                             ^

Database error in schedule_list: relation "maintenance_activitytypecategory" does not exist
LINE 1: ...tenance_maintenanceactivitytype"."id") INNER JOIN "maintenan...
                                                             ^

Fallback query also failed: relation "maintenance_activitytypecategory" does not exist
LINE 1: ...tenance_maintenanceactivitytype"."id") INNER JOIN "maintenan...
                                                             ^

Database error in maintenance_list: column maintenance_maintenanceactivitytype.category_id does not exist
LINE 1: ...d", "maintenance_maintenanceactivitytype"."name", "maintenan...
                                                             ^

Database error in maintenance_list: column maintenance_maintenanceactivitytype.category_id does not exist
LINE 1: ...d", "maintenance_maintenanceactivitytype"."name", "maintenan...
                                                             ^

Database error in maintenance_list: column maintenance_maintenanceactivitytype.category_id does not exist
LINE 1: ...d", "maintenance_maintenanceactivitytype"."name", "maintenan...
                                                             ^

Not Found: /health/
Not Found: /health/
Not Found: /health/
Not Found: /health/
Not Found: /health/
Not Found: /health/
Not Found: /health/
Not Found: /health/
Not Found: /health/
Not Found: /health/
Not Found: /health/
Not Found: /health/
Not Found: /health/
Not Found: /health/
Not Found: /health/
Not Found: /health/
Not Found: /health/
Not Found: /health/
Not Found: /health/
Not Found: /health/
Not Found: /health/
Not Found: /health/
Not Found: /health/
Not Found: /health/
Not Found: /health/
Not Found: /health/
Not Found: /health/
Not Found: /health/
Not Found: /health/
Not Found: /health/
Not Found: /health/
Not Found: /health/
Not Found: /health/
Not Found: /health/
Not Found: /health/
Not Found: /health/
Not Found: /health/
Not Found: /health/
Not Found: /health/
Not Found: /health/
Forbidden (CSRF token missing.): /core/health/clear_logs/
Forbidden (CSRF token missing.): /core/health/clear_logs/
Not Found: /health/
Not Found: /health/
Not Found: /health/
Not Found: /health/
Not Found: /health/
Not Found: /health/
Not Found: /health/
Not Found: /health/
Not Found: /health/
Not Found: /health/
Not Found: /health/
Not Found: /health/
Not Found: /health/
Not Found: /health/
Not Found: /health/
Forbidden (CSRF token missing.): /core/health/clear_logs/
Not Found: /health/
Not Found: /health/
Not Found: /health/
Not Found: /health/
Not Found: /health/
Not Found: /health/
Database error in schedule_list: relation "maintenance_activitytypecategory" does not exist
LINE 1: ...tenance_maintenanceactivitytype"."id") INNER JOIN "maintenan...
                                                             ^

Fallback query also failed: relation "maintenance_activitytypecategory" does not exist
LINE 1: ...tenance_maintenanceactivitytype"."id") INNER JOIN "maintenan...
                                                             ^

Database error in maintenance_list: column maintenance_maintenanceactivitytype.category_id does not exist
LINE 1: ...d", "maintenance_maintenanceactivitytype"."name", "maintenan...
                                                             ^

Not Found: /health/
Total active equipment count: 0
Filtered equipment queryset count: 0
Database connection error in add_activity: cursor "_django_curs_140264209222528_sync_1" does not exist

Database reconnected successfully
Failed to reconnect to database: cursor "_django_curs_140264209222528_sync_2" does not exist

Database error in maintenance_list: column maintenance_maintenanceactivitytype.category_id does not exist
LINE 1: ...d", "maintenance_maintenanceactivitytype"."name", "maintenan...
                                                             ^

Database error in maintenance_list: column maintenance_maintenanceactivitytype.category_id does not exist
LINE 1: ...d", "maintenance_maintenanceactivitytype"."name", "maintenan...
                                                             ^

Database error in maintenance_list: column maintenance_maintenanceactivitytype.category_id does not exist
LINE 1: ...d", "maintenance_maintenanceactivitytype"."name", "maintenan...
                                                             ^

Database error in schedule_list: relation "maintenance_activitytypecategory" does not exist
LINE 1: ...tenance_maintenanceactivitytype"."id") INNER JOIN "maintenan...
                                                             ^

Fallback query also failed: relation "maintenance_activitytypecategory" does not exist
LINE 1: ...tenance_maintenanceactivitytype"."id") INNER JOIN "maintenan...
                                                             ^

Database error in maintenance_list: column maintenance_maintenanceactivitytype.category_id does not exist
LINE 1: ...d", "maintenance_maintenanceactivitytype"."name", "maintenan...
                                                             ^

Database error in maintenance_list: column maintenance_maintenanceactivitytype.category_id does not exist
LINE 1: ...d", "maintenance_maintenanceactivitytype"."name", "maintenan...
                                                             ^

Not Found: /health/
Not Found: /health/
Not Found: /health/
Not Found: /health/
Not Found: /health/
Not Found: /health/
Not Found: /health/
Not Found: /health/
Forbidden (CSRF token missing.): /core/health/clear_logs/
Not Found: /health/
Created UserProfile for new user: admin
Not Found: /health/
Not Found: /health/
Not Found: /health/
Not Found: /health/
Forbidden (CSRF token missing.): /core/health/clear_logs/
Not Found: /health/
Not Found: /health/
Not Found: /health/
Not Found: /health/
Not Found: /health/
Not Found: /health/
Not Found: /health/
Not Found: /health/
Not Found: /health/
Not Found: /health/
Not Found: /health/
Not Found: /health/
Not Found: /health/
Not Found: /health/
Not Found: /health/
Not Found: /health/
Not Found: /health/
Not Found: /health/
Not Found: /health/
Not Found: /health/
Not Found: /health/
Not Found: /health/
Not Found: /health/
Not Found: /health/
Not Found: /health/
Not Found: /health/
Not Found: /health/
Database error in schedule_list: relation "maintenance_activitytypecategory" does not exist
LINE 1: ...tenance_maintenanceactivitytype"."id") INNER JOIN "maintenan...
                                                             ^

Fallback query also failed: relation "maintenance_activitytypecategory" does not exist
LINE 1: ...tenance_maintenanceactivitytype"."id") INNER JOIN "maintenan...
                                                             ^

Database error in maintenance_list: column maintenance_maintenanceactivitytype.category_id does not exist
LINE 1: ...d", "maintenance_maintenanceactivitytype"."name", "maintenan...
                                                             ^

Not Found: /health/
Not Found: /health/
Not Found: /health/
Not Found: /health/
Database error in maintenance_list: column maintenance_maintenanceactivitytype.category_id does not exist
LINE 1: ...d", "maintenance_maintenanceactivitytype"."name", "maintenan...
                                                             ^

Not Found: /health/
Not Found: /health/
Not Found: /health/
Not Found: /health/
Forbidden (CSRF token missing.): /core/health/clear_logs/
Not Found: /health/
Forbidden (CSRF token missing.): /core/health/clear_logs/
Not Found: /health/
Forbidden (CSRF token missing.): /core/health/clear_logs/
Created UserProfile for new user: admin
Forbidden (CSRF token missing.): /core/health/clear_logs/
Not Found: /health/
Not Found: /health/
Not Found: /health/
Not Found: /health/
Not Found: /health/
Not Found: /health/
Not Found: /health/
Not Found: /health/
Not Found: /health/
Not Found: /health/
Total active equipment count: 22
Filtered equipment queryset count: 22
Database connection error in add_activity: cursor "_django_curs_140291218553728_sync_1" does not exist

Database reconnected successfully
Failed to reconnect to database: cursor "_django_curs_140291218553728_sync_2" does not exist

Database error in maintenance_list: column maintenance_maintenanceactivitytype.category_id does not exist
LINE 1: ...d", "maintenance_maintenanceactivitytype"."name", "maintenan...
                                                             ^

Not Found: /health/
Database error in schedule_list: relation "maintenance_activitytypecategory" does not exist
LINE 1: ...tenance_maintenanceactivitytype"."id") INNER JOIN "maintenan...
                                                             ^

Fallback query also failed: relation "maintenance_activitytypecategory" does not exist
LINE 1: ...tenance_maintenanceactivitytype"."id") INNER JOIN "maintenan...
                                                             ^

Database error in maintenance_list: column maintenance_maintenanceactivitytype.category_id does not exist
LINE 1: ...d", "maintenance_maintenanceactivitytype"."name", "maintenan...
                                                             ^

Database error in maintenance_list: column maintenance_maintenanceactivitytype.category_id does not exist
LINE 1: ...d", "maintenance_maintenanceactivitytype"."name", "maintenan...
                                                             ^

Not Found: /health/
Not Found: /health/
Not Found: /health/
Not Found: /health/
Not Found: /health/
Not Found: /health/
Not Found: /health/
Not Found: /health/
Not Found: /health/
Database error in maintenance_list: column maintenance_maintenanceactivitytype.category_id does not exist
LINE 1: ...d", "maintenance_maintenanceactivitytype"."name", "maintenan...
                                                             ^

Not Found: /health/
Not Found: /health/
Not Found: /health/
Not Found: /health/
Not Found: /health/
Not Found: /health/
Not Found: /health/
Not Found: /health/
Not Found: /health/
Not Found: /health/
Database error in maintenance_list: column maintenance_maintenanceactivitytype.category_id does not exist
LINE 1: ...d", "maintenance_maintenanceactivitytype"."name", "maintenan...
                                                             ^

Not Found: /health/
Not Found: /health/
Not Found: /health/
Not Found: /health/
Not Found: /health/
Not Found: /health/
Not Found: /health/
Not Found: /health/
Not Found: /health/
Database error in maintenance_list: column maintenance_maintenanceactivitytype.category_id does not exist
LINE 1: ...d", "maintenance_maintenanceactivitytype"."name", "maintenan...
                                                             ^

Not Found: /health/
Not Found: /health/
Not Found: /health/
Not Found: /health/
Not Found: /health/
Not Found: /health/
Not Found: /health/
Not Found: /health/
Not Found: /health/
Not Found: /health/
Database error in maintenance_list: column maintenance_maintenanceactivitytype.template_id does not exist
LINE 1: ...intenance_maintenanceactivitytype"."category_id", "maintenan...
                                                             ^

Database error in maintenance_list: column maintenance_maintenanceactivitytype.template_id does not exist
LINE 1: ...intenance_maintenanceactivitytype"."category_id", "maintenan...
                                                             ^

Database error in maintenance_list: column maintenance_maintenanceactivitytype.template_id does not exist
LINE 1: ...intenance_maintenanceactivitytype"."category_id", "maintenan...
                                                             ^

Database error in schedule_list: column maintenance_maintenanceactivitytype.template_id does not exist
LINE 1: ...intenance_maintenanceactivitytype"."category_id", "maintenan...
                                                             ^

Total active equipment count: 22
Filtered equipment queryset count: 22
Database connection error in add_activity: cursor "_django_curs_140291218553728_sync_1" does not exist

Database reconnected successfully
Failed to reconnect to database: cursor "_django_curs_140291218553728_sync_2" does not exist

Database error in maintenance_list: column maintenance_maintenanceactivitytype.template_id does not exist
LINE 1: ...intenance_maintenanceactivitytype"."category_id", "maintenan...
                                                             ^

Not Found: /health/
Total active equipment count: 22
Filtered equipment queryset count: 22
Database connection error in add_activity: cursor "_django_curs_140291218553728_sync_3" does not exist

Database reconnected successfully
Failed to reconnect to database: cursor "_django_curs_140291218553728_sync_4" does not exist

Database error in maintenance_list: column maintenance_maintenanceactivitytype.template_id does not exist
LINE 1: ...intenance_maintenanceactivitytype"."category_id", "maintenan...
                                                             ^

Total active equipment count: 22
Filtered equipment queryset count: 22
Database connection error in add_activity: cursor "_django_curs_140291218553728_sync_5" does not exist

Database reconnected successfully
Failed to reconnect to database: cursor "_django_curs_140291218553728_sync_6" does not exist

Database error in maintenance_list: column maintenance_maintenanceactivitytype.template_id does not exist
LINE 1: ...intenance_maintenanceactivitytype"."category_id", "maintenan...
                                                             ^

Database error in schedule_list: column maintenance_maintenanceactivitytype.template_id does not exist
LINE 1: ...intenance_maintenanceactivitytype"."category_id", "maintenan...
                                                             ^

Database error in maintenance_list: column maintenance_maintenanceactivitytype.template_id does not exist
LINE 1: ...intenance_maintenanceactivitytype"."category_id", "maintenan...
                                                             ^

Database error in schedule_list: column maintenance_maintenanceactivitytype.template_id does not exist
LINE 1: ...intenance_maintenanceactivitytype"."category_id", "maintenan...
                                                             ^

Internal Server Error: /maintenance/schedules/add/
Traceback (most recent call last):
  File "/usr/local/lib/python3.11/site-packages/django/db/backends/utils.py", line 89, in _execute
    return self.cursor.execute(sql, params)
           ^^^^^^^^^^^^^^^^^^^^^^^^^^^^^^^^
psycopg2.errors.UndefinedColumn: column maintenance_maintenanceactivitytype.template_id does not exist
LINE 1: ...intenance_maintenanceactivitytype"."category_id", "maintenan...
                                                             ^


The above exception was the direct cause of the following exception:

Traceback (most recent call last):
  File "/usr/local/lib/python3.11/site-packages/django/db/models/sql/compiler.py", line 1562, in execute_sql
    cursor.execute(sql, params)
  File "/usr/local/lib/python3.11/site-packages/django/db/backends/utils.py", line 102, in execute
    return super().execute(sql, params)
           ^^^^^^^^^^^^^^^^^^^^^^^^^^^^
  File "/usr/local/lib/python3.11/site-packages/django/db/backends/utils.py", line 67, in execute
    return self._execute_with_wrappers(
           ^^^^^^^^^^^^^^^^^^^^^^^^^^^^
  File "/usr/local/lib/python3.11/site-packages/django/db/backends/utils.py", line 80, in _execute_with_wrappers
    return executor(sql, params, many, context)
           ^^^^^^^^^^^^^^^^^^^^^^^^^^^^^^^^^^^^
  File "/usr/local/lib/python3.11/site-packages/django/db/backends/utils.py", line 84, in _execute
    with self.db.wrap_database_errors:
  File "/usr/local/lib/python3.11/site-packages/django/db/utils.py", line 91, in __exit__
    raise dj_exc_value.with_traceback(traceback) from exc_value
  File "/usr/local/lib/python3.11/site-packages/django/db/backends/utils.py", line 89, in _execute
    return self.cursor.execute(sql, params)
           ^^^^^^^^^^^^^^^^^^^^^^^^^^^^^^^^
django.db.utils.ProgrammingError: column maintenance_maintenanceactivitytype.template_id does not exist
LINE 1: ...intenance_maintenanceactivitytype"."category_id", "maintenan...
                                                             ^


During handling of the above exception, another exception occurred:

Traceback (most recent call last):
  File "/usr/local/lib/python3.11/site-packages/django/core/handlers/exception.py", line 55, in inner
    response = get_response(request)
               ^^^^^^^^^^^^^^^^^^^^^
  File "/usr/local/lib/python3.11/site-packages/django/core/handlers/base.py", line 197, in _get_response
    response = wrapped_callback(request, *callback_args, **callback_kwargs)
               ^^^^^^^^^^^^^^^^^^^^^^^^^^^^^^^^^^^^^^^^^^^^^^^^^^^^^^^^^^^^
  File "/usr/local/lib/python3.11/site-packages/django/contrib/auth/decorators.py", line 23, in _wrapper_view
    return view_func(request, *args, **kwargs)
           ^^^^^^^^^^^^^^^^^^^^^^^^^^^^^^^^^^^
  File "/app/maintenance/views.py", line 495, in add_schedule
    return render(request, 'maintenance/add_schedule.html', context)
           ^^^^^^^^^^^^^^^^^^^^^^^^^^^^^^^^^^^^^^^^^^^^^^^^^^^^^^^^^
  File "/usr/local/lib/python3.11/site-packages/django/shortcuts.py", line 24, in render
    content = loader.render_to_string(template_name, context, request, using=using)
              ^^^^^^^^^^^^^^^^^^^^^^^^^^^^^^^^^^^^^^^^^^^^^^^^^^^^^^^^^^^^^^^^^^^^^
  File "/usr/local/lib/python3.11/site-packages/django/template/loader.py", line 62, in render_to_string
    return template.render(context, request)
           ^^^^^^^^^^^^^^^^^^^^^^^^^^^^^^^^^
  File "/usr/local/lib/python3.11/site-packages/django/template/backends/django.py", line 61, in render
    return self.template.render(context)
           ^^^^^^^^^^^^^^^^^^^^^^^^^^^^^
  File "/usr/local/lib/python3.11/site-packages/django/template/base.py", line 175, in render
    return self._render(context)
           ^^^^^^^^^^^^^^^^^^^^^
  File "/usr/local/lib/python3.11/site-packages/django/template/base.py", line 167, in _render
    return self.nodelist.render(context)
           ^^^^^^^^^^^^^^^^^^^^^^^^^^^^^
  File "/usr/local/lib/python3.11/site-packages/django/template/base.py", line 1005, in render
    return SafeString("".join([node.render_annotated(context) for node in self]))
                              ^^^^^^^^^^^^^^^^^^^^^^^^^^^^^^^^^^^^^^^^^^^^^^^^^
  File "/usr/local/lib/python3.11/site-packages/django/template/base.py", line 1005, in <listcomp>
    return SafeString("".join([node.render_annotated(context) for node in self]))
                               ^^^^^^^^^^^^^^^^^^^^^^^^^^^^^^
  File "/usr/local/lib/python3.11/site-packages/django/template/base.py", line 966, in render_annotated
    return self.render(context)
           ^^^^^^^^^^^^^^^^^^^^
  File "/usr/local/lib/python3.11/site-packages/django/template/loader_tags.py", line 157, in render
    return compiled_parent._render(context)
           ^^^^^^^^^^^^^^^^^^^^^^^^^^^^^^^^
  File "/usr/local/lib/python3.11/site-packages/django/template/base.py", line 167, in _render
    return self.nodelist.render(context)
           ^^^^^^^^^^^^^^^^^^^^^^^^^^^^^
  File "/usr/local/lib/python3.11/site-packages/django/template/base.py", line 1005, in render
    return SafeString("".join([node.render_annotated(context) for node in self]))
                              ^^^^^^^^^^^^^^^^^^^^^^^^^^^^^^^^^^^^^^^^^^^^^^^^^
  File "/usr/local/lib/python3.11/site-packages/django/template/base.py", line 1005, in <listcomp>
    return SafeString("".join([node.render_annotated(context) for node in self]))
                               ^^^^^^^^^^^^^^^^^^^^^^^^^^^^^^
  File "/usr/local/lib/python3.11/site-packages/django/template/base.py", line 966, in render_annotated
    return self.render(context)
           ^^^^^^^^^^^^^^^^^^^^
  File "/usr/local/lib/python3.11/site-packages/django/template/loader_tags.py", line 63, in render
    result = block.nodelist.render(context)
             ^^^^^^^^^^^^^^^^^^^^^^^^^^^^^^
  File "/usr/local/lib/python3.11/site-packages/django/template/base.py", line 1005, in render
    return SafeString("".join([node.render_annotated(context) for node in self]))
                              ^^^^^^^^^^^^^^^^^^^^^^^^^^^^^^^^^^^^^^^^^^^^^^^^^
  File "/usr/local/lib/python3.11/site-packages/django/template/base.py", line 1005, in <listcomp>
    return SafeString("".join([node.render_annotated(context) for node in self]))
                               ^^^^^^^^^^^^^^^^^^^^^^^^^^^^^^
  File "/usr/local/lib/python3.11/site-packages/django/template/base.py", line 966, in render_annotated
    return self.render(context)
           ^^^^^^^^^^^^^^^^^^^^
  File "/usr/local/lib/python3.11/site-packages/django/template/base.py", line 1070, in render
    return render_value_in_context(output, context)
           ^^^^^^^^^^^^^^^^^^^^^^^^^^^^^^^^^^^^^^^^
  File "/usr/local/lib/python3.11/site-packages/django/template/base.py", line 1047, in render_value_in_context
    value = str(value)
            ^^^^^^^^^^
  File "/usr/local/lib/python3.11/site-packages/django/utils/html.py", line 420, in <lambda>
    klass.__str__ = lambda self: mark_safe(klass_str(self))
                                           ^^^^^^^^^^^^^^^
  File "/usr/local/lib/python3.11/site-packages/django/forms/boundfield.py", line 34, in __str__
    return self.as_widget()
           ^^^^^^^^^^^^^^^^
  File "/usr/local/lib/python3.11/site-packages/django/forms/boundfield.py", line 107, in as_widget
    return widget.render(
           ^^^^^^^^^^^^^^
  File "/usr/local/lib/python3.11/site-packages/django/forms/widgets.py", line 280, in render
    context = self.get_context(name, value, attrs)
              ^^^^^^^^^^^^^^^^^^^^^^^^^^^^^^^^^^^^
  File "/usr/local/lib/python3.11/site-packages/django/forms/widgets.py", line 758, in get_context
    context = super().get_context(name, value, attrs)
              ^^^^^^^^^^^^^^^^^^^^^^^^^^^^^^^^^^^^^^^
  File "/usr/local/lib/python3.11/site-packages/django/forms/widgets.py", line 717, in get_context
    context["widget"]["optgroups"] = self.optgroups(
                                     ^^^^^^^^^^^^^^^
  File "/usr/local/lib/python3.11/site-packages/django/forms/widgets.py", line 657, in optgroups
    for index, (option_value, option_label) in enumerate(self.choices):
  File "/usr/local/lib/python3.11/site-packages/django/forms/models.py", line 1403, in __iter__
    for obj in queryset:
  File "/usr/local/lib/python3.11/site-packages/django/db/models/query.py", line 516, in _iterator
    yield from iterable
  File "/usr/local/lib/python3.11/site-packages/django/db/models/query.py", line 91, in __iter__
    results = compiler.execute_sql(
              ^^^^^^^^^^^^^^^^^^^^^
  File "/usr/local/lib/python3.11/site-packages/django/db/models/sql/compiler.py", line 1565, in execute_sql
    cursor.close()
psycopg2.errors.InvalidCursorName: cursor "_django_curs_140291218553728_sync_8" does not exist

Not Found: /health/
Not Found: /health/
Not Found: /health/
Not Found: /health/
Not Found: /health/
Not Found: /health/
Internal Server Error: /maintenance/schedules/add/
Traceback (most recent call last):
  File "/usr/local/lib/python3.11/site-packages/django/db/backends/utils.py", line 89, in _execute
    return self.cursor.execute(sql, params)
           ^^^^^^^^^^^^^^^^^^^^^^^^^^^^^^^^
psycopg2.errors.UndefinedColumn: column maintenance_maintenanceactivitytype.template_id does not exist
LINE 1: ...intenance_maintenanceactivitytype"."category_id", "maintenan...
                                                             ^


The above exception was the direct cause of the following exception:

Traceback (most recent call last):
  File "/usr/local/lib/python3.11/site-packages/django/db/models/sql/compiler.py", line 1562, in execute_sql
    cursor.execute(sql, params)
  File "/usr/local/lib/python3.11/site-packages/django/db/backends/utils.py", line 102, in execute
    return super().execute(sql, params)
           ^^^^^^^^^^^^^^^^^^^^^^^^^^^^
  File "/usr/local/lib/python3.11/site-packages/django/db/backends/utils.py", line 67, in execute
    return self._execute_with_wrappers(
           ^^^^^^^^^^^^^^^^^^^^^^^^^^^^
  File "/usr/local/lib/python3.11/site-packages/django/db/backends/utils.py", line 80, in _execute_with_wrappers
    return executor(sql, params, many, context)
           ^^^^^^^^^^^^^^^^^^^^^^^^^^^^^^^^^^^^
  File "/usr/local/lib/python3.11/site-packages/django/db/backends/utils.py", line 84, in _execute
    with self.db.wrap_database_errors:
  File "/usr/local/lib/python3.11/site-packages/django/db/utils.py", line 91, in __exit__
    raise dj_exc_value.with_traceback(traceback) from exc_value
  File "/usr/local/lib/python3.11/site-packages/django/db/backends/utils.py", line 89, in _execute
    return self.cursor.execute(sql, params)
           ^^^^^^^^^^^^^^^^^^^^^^^^^^^^^^^^
django.db.utils.ProgrammingError: column maintenance_maintenanceactivitytype.template_id does not exist
LINE 1: ...intenance_maintenanceactivitytype"."category_id", "maintenan...
                                                             ^


During handling of the above exception, another exception occurred:

Traceback (most recent call last):
  File "/usr/local/lib/python3.11/site-packages/django/core/handlers/exception.py", line 55, in inner
    response = get_response(request)
               ^^^^^^^^^^^^^^^^^^^^^
  File "/usr/local/lib/python3.11/site-packages/django/core/handlers/base.py", line 197, in _get_response
    response = wrapped_callback(request, *callback_args, **callback_kwargs)
               ^^^^^^^^^^^^^^^^^^^^^^^^^^^^^^^^^^^^^^^^^^^^^^^^^^^^^^^^^^^^
  File "/usr/local/lib/python3.11/site-packages/django/contrib/auth/decorators.py", line 23, in _wrapper_view
    return view_func(request, *args, **kwargs)
           ^^^^^^^^^^^^^^^^^^^^^^^^^^^^^^^^^^^
  File "/app/maintenance/views.py", line 495, in add_schedule
    return render(request, 'maintenance/add_schedule.html', context)
           ^^^^^^^^^^^^^^^^^^^^^^^^^^^^^^^^^^^^^^^^^^^^^^^^^^^^^^^^^
  File "/usr/local/lib/python3.11/site-packages/django/shortcuts.py", line 24, in render
    content = loader.render_to_string(template_name, context, request, using=using)
              ^^^^^^^^^^^^^^^^^^^^^^^^^^^^^^^^^^^^^^^^^^^^^^^^^^^^^^^^^^^^^^^^^^^^^
  File "/usr/local/lib/python3.11/site-packages/django/template/loader.py", line 62, in render_to_string
    return template.render(context, request)
           ^^^^^^^^^^^^^^^^^^^^^^^^^^^^^^^^^
  File "/usr/local/lib/python3.11/site-packages/django/template/backends/django.py", line 61, in render
    return self.template.render(context)
           ^^^^^^^^^^^^^^^^^^^^^^^^^^^^^
  File "/usr/local/lib/python3.11/site-packages/django/template/base.py", line 175, in render
    return self._render(context)
           ^^^^^^^^^^^^^^^^^^^^^
  File "/usr/local/lib/python3.11/site-packages/django/template/base.py", line 167, in _render
    return self.nodelist.render(context)
           ^^^^^^^^^^^^^^^^^^^^^^^^^^^^^
  File "/usr/local/lib/python3.11/site-packages/django/template/base.py", line 1005, in render
    return SafeString("".join([node.render_annotated(context) for node in self]))
                              ^^^^^^^^^^^^^^^^^^^^^^^^^^^^^^^^^^^^^^^^^^^^^^^^^
  File "/usr/local/lib/python3.11/site-packages/django/template/base.py", line 1005, in <listcomp>
    return SafeString("".join([node.render_annotated(context) for node in self]))
                               ^^^^^^^^^^^^^^^^^^^^^^^^^^^^^^
  File "/usr/local/lib/python3.11/site-packages/django/template/base.py", line 966, in render_annotated
    return self.render(context)
           ^^^^^^^^^^^^^^^^^^^^
  File "/usr/local/lib/python3.11/site-packages/django/template/loader_tags.py", line 157, in render
    return compiled_parent._render(context)
           ^^^^^^^^^^^^^^^^^^^^^^^^^^^^^^^^
  File "/usr/local/lib/python3.11/site-packages/django/template/base.py", line 167, in _render
    return self.nodelist.render(context)
           ^^^^^^^^^^^^^^^^^^^^^^^^^^^^^
  File "/usr/local/lib/python3.11/site-packages/django/template/base.py", line 1005, in render
    return SafeString("".join([node.render_annotated(context) for node in self]))
                              ^^^^^^^^^^^^^^^^^^^^^^^^^^^^^^^^^^^^^^^^^^^^^^^^^
  File "/usr/local/lib/python3.11/site-packages/django/template/base.py", line 1005, in <listcomp>
    return SafeString("".join([node.render_annotated(context) for node in self]))
                               ^^^^^^^^^^^^^^^^^^^^^^^^^^^^^^
  File "/usr/local/lib/python3.11/site-packages/django/template/base.py", line 966, in render_annotated
    return self.render(context)
           ^^^^^^^^^^^^^^^^^^^^
  File "/usr/local/lib/python3.11/site-packages/django/template/loader_tags.py", line 63, in render
    result = block.nodelist.render(context)
             ^^^^^^^^^^^^^^^^^^^^^^^^^^^^^^
  File "/usr/local/lib/python3.11/site-packages/django/template/base.py", line 1005, in render
    return SafeString("".join([node.render_annotated(context) for node in self]))
                              ^^^^^^^^^^^^^^^^^^^^^^^^^^^^^^^^^^^^^^^^^^^^^^^^^
  File "/usr/local/lib/python3.11/site-packages/django/template/base.py", line 1005, in <listcomp>
    return SafeString("".join([node.render_annotated(context) for node in self]))
                               ^^^^^^^^^^^^^^^^^^^^^^^^^^^^^^
  File "/usr/local/lib/python3.11/site-packages/django/template/base.py", line 966, in render_annotated
    return self.render(context)
           ^^^^^^^^^^^^^^^^^^^^
  File "/usr/local/lib/python3.11/site-packages/django/template/base.py", line 1070, in render
    return render_value_in_context(output, context)
           ^^^^^^^^^^^^^^^^^^^^^^^^^^^^^^^^^^^^^^^^
  File "/usr/local/lib/python3.11/site-packages/django/template/base.py", line 1047, in render_value_in_context
    value = str(value)
            ^^^^^^^^^^
  File "/usr/local/lib/python3.11/site-packages/django/utils/html.py", line 420, in <lambda>
    klass.__str__ = lambda self: mark_safe(klass_str(self))
                                           ^^^^^^^^^^^^^^^
  File "/usr/local/lib/python3.11/site-packages/django/forms/boundfield.py", line 34, in __str__
    return self.as_widget()
           ^^^^^^^^^^^^^^^^
  File "/usr/local/lib/python3.11/site-packages/django/forms/boundfield.py", line 107, in as_widget
    return widget.render(
           ^^^^^^^^^^^^^^
  File "/usr/local/lib/python3.11/site-packages/django/forms/widgets.py", line 280, in render
    context = self.get_context(name, value, attrs)
              ^^^^^^^^^^^^^^^^^^^^^^^^^^^^^^^^^^^^
  File "/usr/local/lib/python3.11/site-packages/django/forms/widgets.py", line 758, in get_context
    context = super().get_context(name, value, attrs)
              ^^^^^^^^^^^^^^^^^^^^^^^^^^^^^^^^^^^^^^^
  File "/usr/local/lib/python3.11/site-packages/django/forms/widgets.py", line 717, in get_context
    context["widget"]["optgroups"] = self.optgroups(
                                     ^^^^^^^^^^^^^^^
  File "/usr/local/lib/python3.11/site-packages/django/forms/widgets.py", line 657, in optgroups
    for index, (option_value, option_label) in enumerate(self.choices):
  File "/usr/local/lib/python3.11/site-packages/django/forms/models.py", line 1403, in __iter__
    for obj in queryset:
  File "/usr/local/lib/python3.11/site-packages/django/db/models/query.py", line 516, in _iterator
    yield from iterable
  File "/usr/local/lib/python3.11/site-packages/django/db/models/query.py", line 91, in __iter__
    results = compiler.execute_sql(
              ^^^^^^^^^^^^^^^^^^^^^
  File "/usr/local/lib/python3.11/site-packages/django/db/models/sql/compiler.py", line 1565, in execute_sql
    cursor.close()
psycopg2.errors.InvalidCursorName: cursor "_django_curs_140291218553728_sync_2" does not exist

Not Found: /health/
Not Found: /health/
Not Found: /health/
Not Found: /health/
Database error in schedule_list: column maintenance_maintenanceactivitytype.template_id does not exist
LINE 1: ...intenance_maintenanceactivitytype"."category_id", "maintenan...
                                                             ^

Database error in maintenance_list: column maintenance_maintenanceactivitytype.template_id does not exist
LINE 1: ...intenance_maintenanceactivitytype"."category_id", "maintenan...
                                                             ^

Not Found: /health/
Not Found: /health/
Not Found: /health/
Database error in schedule_list: column maintenance_maintenanceactivitytype.template_id does not exist
LINE 1: ...intenance_maintenanceactivitytype"."category_id", "maintenan...
                                                             ^

Database error in maintenance_list: column maintenance_maintenanceactivitytype.template_id does not exist
LINE 1: ...intenance_maintenanceactivitytype"."category_id", "maintenan...
                                                             ^

Not Found: /health/
Not Found: /health/
Not Found: /health/
Not Found: /health/
Not Found: /health/
Not Found: /health/
Not Found: /health/
Not Found: /health/
Not Found: /health/
Not Found: /health/
Not Found: /health/
Not Found: /health/
Not Found: /health/
Not Found: /health/
Not Found: /health/
Not Found: /health/
